{
  "stats": {
    "suites": 1,
    "tests": 3,
    "passes": 3,
    "pending": 0,
    "failures": 0,
    "start": "2020-07-23T22:50:27.232Z",
    "end": "2020-07-23T22:50:34.304Z",
    "duration": 7072,
    "testsRegistered": 3,
    "passPercent": 100,
    "pendingPercent": 0,
    "other": 0,
    "hasOther": false,
    "skipped": 0,
    "hasSkipped": false
  },
  "results": [
    {
      "uuid": "976d8966-35c2-4b61-973a-5d18e39a3336",
      "title": "",
      "fullFile": "",
      "file": "",
      "beforeHooks": [],
      "afterHooks": [],
      "tests": [],
      "suites": [
        {
          "uuid": "71f58fd0-ab31-41da-814b-8b2584af765e",
          "title": "Library app Scenarios with chrome",
          "fullFile": "/Users/EdwarsBosarreyes/Documents/Testing/webdrivertut/test/ConvertMocha.test.js",
          "file": "/test/ConvertMocha.test.js",
          "beforeHooks": [
            {
              "title": "\"before all\" hook",
              "fullTitle": "Library app Scenarios with chrome \"before all\" hook",
              "timedOut": false,
              "duration": 4962,
              "state": null,
              "speed": null,
              "pass": false,
              "fail": false,
              "pending": false,
              "context": null,
              "code": "driver = await new Builder().forBrowser(browser).build();\nawait driver.get('https://library-app.firebaseapp.com');",
              "err": {},
              "uuid": "58846d46-171f-4e5e-8491-20d71b48a280",
              "parentUUID": "71f58fd0-ab31-41da-814b-8b2584af765e",
              "isHook": true,
              "skipped": false
            }
          ],
          "afterHooks": [
            {
              "title": "\"after all\" hook",
              "fullTitle": "Library app Scenarios with chrome \"after all\" hook",
              "timedOut": false,
              "duration": 56,
              "state": null,
              "speed": null,
              "pass": false,
              "fail": false,
              "pending": false,
              "context": null,
              "code": "driver && driver.quit()",
              "err": {},
              "uuid": "0727b3ca-8165-499d-9eba-45a64001d38d",
              "parentUUID": "71f58fd0-ab31-41da-814b-8b2584af765e",
              "isHook": true,
              "skipped": false
            }
          ],
          "tests": [
            {
              "title": "Changes Button Opacity upon email being filled out",
              "fullTitle": "Library app Scenarios with chrome Changes Button Opacity upon email being filled out",
              "timedOut": false,
              "duration": 220,
              "state": "passed",
              "speed": "slow",
              "pass": true,
              "fail": false,
              "pending": false,
              "context": null,
              "code": "var submitBtn = await driver.findElement(By.css('.btn'));\nawait driver.findElement(By.css('input')).sendKeys('user@fakeemail.com');\nawait driver.wait(function () {\n  return submitBtn.getCssValue('opacity').then(function (result) {\n    console.log(result);\n    return result == 1;\n  });\n}, 5000);",
              "err": {},
              "uuid": "8aabe7bc-114b-44de-b01d-63b32d61684c",
              "parentUUID": "71f58fd0-ab31-41da-814b-8b2584af765e",
              "isHook": false,
              "skipped": false
            },
            {
              "title": "Submitting email shows an alert",
              "fullTitle": "Library app Scenarios with chrome Submitting email shows an alert",
              "timedOut": false,
              "duration": 1788,
              "state": "passed",
              "speed": "slow",
              "pass": true,
              "fail": false,
              "pending": false,
              "context": null,
              "code": "var submitBtn = await driver.findElement(By.css('.btn'));\nawait submitBtn.click();\n// Explicit Waits\nconst texto = await driver.wait(until.elementLocated(By.css('.alert-success')), 5000).getText();\nconsole.log(\"Alert: \" + texto);",
              "err": {},
              "uuid": "84a4cc5c-38b3-45ed-8d9a-baef34745a04",
              "parentUUID": "71f58fd0-ab31-41da-814b-8b2584af765e",
              "isHook": false,
              "skipped": false
            },
            {
              "title": "Shows a navbar",
              "fullTitle": "Library app Scenarios with chrome Shows a navbar",
              "timedOut": false,
              "duration": 40,
              "state": "passed",
              "speed": "medium",
              "pass": true,
              "fail": false,
              "pending": false,
              "context": null,
              "code": "let txt = await driver.findElement(By.css('nav')).getText();\nconsole.log(txt);",
              "err": {},
              "uuid": "5be243a0-cf74-46f2-971d-9f92c10e96f3",
              "parentUUID": "71f58fd0-ab31-41da-814b-8b2584af765e",
              "isHook": false,
              "skipped": false
            }
          ],
          "suites": [],
          "passes": [
            "8aabe7bc-114b-44de-b01d-63b32d61684c",
            "84a4cc5c-38b3-45ed-8d9a-baef34745a04",
            "5be243a0-cf74-46f2-971d-9f92c10e96f3"
          ],
          "failures": [],
          "pending": [],
          "skipped": [],
          "duration": 2048,
          "root": false,
          "rootEmpty": false,
          "_timeout": 50000
        }
      ],
      "passes": [],
      "failures": [],
      "pending": [],
      "skipped": [],
      "duration": 0,
      "root": true,
      "rootEmpty": true,
      "_timeout": 2000
    }
  ],
  "meta": {
    "mocha": {
      "version": "8.0.1"
    },
    "mochawesome": {
      "options": {
        "quiet": false,
        "reportFilename": "mochawesome",
        "saveHtml": true,
        "saveJson": true,
        "consoleReporter": "spec",
        "useInlineDiffs": false,
        "code": true
      },
      "version": "6.1.1"
    },
    "marge": {
      "options": null,
      "version": "5.1.0"
    }
  }
}